Overall: 0 / 6

Validation results for fk265/w07
=====================================

----------- Exercise: one-d-game (0 / 2)
Running 27 tests: Test #24 FAILED (-2)
Expected exception: class java.lang.IllegalArgumentException but was class java.lang.ArrayIndexOutOfBoundsException with message: 0.
 
 isWinnable(3, [])

----------- Exercise: shapes (0 / 4)
Running 17 tests: Test #7 FAILED (-4)
assertTrue(new Rectangle(new V2(-1.0, 2.0), new V2(3.0, 4.0)).contains(new V2(-0.5, 1.5)))
